<?xml version="1.0" encoding="UTF-8"?>
<!-- Generated by org.testng.reporters.JUnitReportReporter -->
<testsuite hostname="wca-s647039" failures="0" tests="1" name="electroSila.tests.InstallmentAndCreditTest" time="136.147" errors="0" timestamp="2023-03-10T15:22:24 MSK" skipped="0">
  <testcase classname="electroSila.tests.InstallmentAndCreditTest" name="electrosilaTest" time="136.147"/>
  <system-out/>
</testsuite> <!-- electroSila.tests.InstallmentAndCreditTest -->
