<?xml version="1.0" encoding="UTF-8"?>
<!-- Generated by org.testng.reporters.JUnitReportReporter -->
<testsuite hostname="wca-s647039" failures="0" tests="1" name="electroSila.tests.TelevisorsTest" time="11.600" errors="0" timestamp="2023-03-07T14:04:32 MSK" skipped="0">
  <testcase classname="electroSila.tests.TelevisorsTest" name="electrosilaTest" time="11.600"/>
  <system-out/>
</testsuite> <!-- electroSila.tests.TelevisorsTest -->
