<?xml version="1.0" encoding="UTF-8"?>
<!-- Generated by org.testng.reporters.JUnitReportReporter -->
<testsuite hostname="wca-s647039" failures="0" tests="1" name="electroSila.tests.NavigationCatalogTest" time="70.976" errors="0" timestamp="2023-03-13T16:18:21 MSK" skipped="0">
  <testcase classname="electroSila.tests.NavigationCatalogTest" name="navigationTest" time="70.976"/>
  <system-out/>
</testsuite> <!-- electroSila.tests.NavigationCatalogTest -->
