<?xml version="1.0" encoding="UTF-8"?>
<!-- Generated by org.testng.reporters.JUnitReportReporter -->
<testsuite hostname="wca-s647039" failures="0" tests="1" name="electroSila.tests.ProductsOnDiscountTest" time="21.405" errors="0" timestamp="2023-03-09T17:05:52 MSK" skipped="0">
  <testcase classname="electroSila.tests.ProductsOnDiscountTest" name="discountsTest" time="21.405"/>
  <system-out/>
</testsuite> <!-- electroSila.tests.ProductsOnDiscountTest -->
